Using pre-set license
Built from '2020.2/release' branch; Version is '2020.2.2f1 (068178b99f32) revision 426360'; Using compiler version '192528614'; Build Type 'Release'
OS: 'Windows 10 Home Single Language; OS build 18363.1440; Version 1909; 64bit' Language: 'en' Physical Memory: 16241 MB
BatchMode: 1, IsHumanControllingUs: 0, StartBugReporterOnCrash: 0, Is64bit: 1, IsPro: 0

 COMMAND LINE ARGUMENTS:
D:\Softwares\Unity Editors\2020.2.2f1\Editor\Unity.exe
-adb2
-batchMode
-noUpm
-name
AssetImportWorker0
-projectPath
D:/Projects/Released/Thesis - Unity Package With Demo
-logFile
Logs/AssetImportWorker0.log
-srvPort
56378
Successfully changed project path to: D:/Projects/Released/Thesis - Unity Package With Demo
D:/Projects/Released/Thesis - Unity Package With Demo
Using Asset Import Pipeline V2.
Refreshing native plugins compatible for Editor in 22.97 ms, found 0 plugins.
Preloading 0 native plugins for Editor in 0.00 ms.
Initialize engine version: 2020.2.2f1 (068178b99f32)
[Subsystems] Discovering subsystems at path D:/Softwares/Unity Editors/2020.2.2f1/Editor/Data/Resources/UnitySubsystems
[Subsystems] Discovering subsystems at path D:/Projects/Released/Thesis - Unity Package With Demo/Assets
GfxDevice: creating device client; threaded=0
Direct3D:
    Version:  Direct3D 11.0 [level 11.1]
    Renderer: NVIDIA GeForce RTX 2070 (ID=0x1f10)
    Vendor:   
    VRAM:     8031 MB
    Driver:   27.21.14.6140
Initialize mono
Mono path[0] = 'D:/Softwares/Unity Editors/2020.2.2f1/Editor/Data/Managed'
Mono path[1] = 'D:/Softwares/Unity Editors/2020.2.2f1/Editor/Data/MonoBleedingEdge/lib/mono/unityjit'
Mono config path = 'D:/Softwares/Unity Editors/2020.2.2f1/Editor/Data/MonoBleedingEdge/etc'
Using monoOptions --debugger-agent=transport=dt_socket,embedding=1,server=y,suspend=n,address=127.0.0.1:56184
Begin MonoManager ReloadAssembly
Registering precompiled unity dll's ...
Register platform support module: D:/Softwares/Unity Editors/2020.2.2f1/Editor/Data/PlaybackEngines/WindowsStandaloneSupport/UnityEditor.WindowsStandalone.Extensions.dll
Registered in 0.000992 seconds.
Native extension for WindowsStandalone target not found
Refreshing native plugins compatible for Editor in 28.65 ms, found 0 plugins.
Preloading 0 native plugins for Editor in 0.00 ms.
Invoked RoslynAnalysisRunner static constructor.
RoslynAnalysisRunner will not be running.
RoslynAnalysisRunner has terminated.
Mono: successfully reloaded assembly
- Completed reload, in  0.864 seconds
Platform modules already initialized, skipping
Registering precompiled user dll's ...
Registered in 0.000466 seconds.
Begin MonoManager ReloadAssembly
Native extension for WindowsStandalone target not found
Refreshing native plugins compatible for Editor in 0.21 ms, found 0 plugins.
Preloading 0 native plugins for Editor in 0.00 ms.
Invoked RoslynAnalysisRunner static constructor.
RoslynAnalysisRunner will not be running.
RoslynAnalysisRunner has terminated.
Mono: successfully reloaded assembly
- Completed reload, in  0.730 seconds
Platform modules already initialized, skipping
========================================================================
Worker process is ready to serve import requests
Launched and connected shader compiler UnityShaderCompiler.exe after 0.05 seconds
Refreshing native plugins compatible for Editor in 0.23 ms, found 0 plugins.
Preloading 0 native plugins for Editor in 0.00 ms.
Unloading 1142 Unused Serialized files (Serialized files now loaded: 0)
System memory in use before: 59.5 MB.
System memory in use after: 59.5 MB.

Unloading 10 unused Assets to reduce memory usage. Loaded Objects now: 1584.
Total: 1.678200 ms (FindLiveObjects: 0.129200 ms CreateObjectMapping: 0.053200 ms MarkObjects: 1.406300 ms  DeleteObjects: 0.088500 ms)

========================================================================
Received Import Request.
  path: Assets/InanEvin_Thesis/src/CinematographyTechniques/PositionHandheld.cs
  artifactKey: Guid(5bd078c52e3189f439a78f8efbc386c8) Importer(815301076,1909f56bfc062723c751e8b465ee728b)
Start importing Assets/InanEvin_Thesis/src/CinematographyTechniques/PositionHandheld.cs using Guid(5bd078c52e3189f439a78f8efbc386c8) Importer(815301076,1909f56bfc062723c751e8b465ee728b)  -> (artifact id: 'cbcc9a13c4097266d0e0412b5a73e58c') in 0.077771 seconds
  Import took 0.105516 seconds .

========================================================================
Received Prepare
Registering precompiled user dll's ...
Registered in 0.000783 seconds.
Begin MonoManager ReloadAssembly
Native extension for WindowsStandalone target not found
Refreshing native plugins compatible for Editor in 0.21 ms, found 0 plugins.
Preloading 0 native plugins for Editor in 0.00 ms.
Invoked RoslynAnalysisRunner static constructor.
RoslynAnalysisRunner will not be running.
RoslynAnalysisRunner has terminated.
Mono: successfully reloaded assembly
- Completed reload, in  0.735 seconds
Platform modules already initialized, skipping
Refreshing native plugins compatible for Editor in 0.25 ms, found 0 plugins.
Preloading 0 native plugins for Editor in 0.00 ms.
Unloading 1135 Unused Serialized files (Serialized files now loaded: 0)
System memory in use before: 59.7 MB.
System memory in use after: 59.8 MB.

Unloading 5 unused Assets to reduce memory usage. Loaded Objects now: 1586.
Total: 1.844700 ms (FindLiveObjects: 0.140500 ms CreateObjectMapping: 0.030300 ms MarkObjects: 1.601800 ms  DeleteObjects: 0.071500 ms)

========================================================================
Received Import Request.
  Time since last request: 8.989387 seconds.
  path: Assets/InanEvin_Thesis/src/CinematographyTechniques/PositionSteadycam.cs
  artifactKey: Guid(26e69913eb9fc4347ac422bb5f6bb075) Importer(815301076,1909f56bfc062723c751e8b465ee728b)
Start importing Assets/InanEvin_Thesis/src/CinematographyTechniques/PositionSteadycam.cs using Guid(26e69913eb9fc4347ac422bb5f6bb075) Importer(815301076,1909f56bfc062723c751e8b465ee728b)  -> (artifact id: '1e8eb8a570f4452524dd2d333d2cfc27') in 0.009406 seconds
  Import took 0.033905 seconds .

========================================================================
Received Prepare
Registering precompiled user dll's ...
Registered in 0.000732 seconds.
Begin MonoManager ReloadAssembly
Native extension for WindowsStandalone target not found
Refreshing native plugins compatible for Editor in 0.24 ms, found 0 plugins.
Preloading 0 native plugins for Editor in 0.00 ms.
Invoked RoslynAnalysisRunner static constructor.
RoslynAnalysisRunner will not be running.
RoslynAnalysisRunner has terminated.
Mono: successfully reloaded assembly
- Completed reload, in  0.761 seconds
Platform modules already initialized, skipping
Refreshing native plugins compatible for Editor in 0.24 ms, found 0 plugins.
Preloading 0 native plugins for Editor in 0.00 ms.
Unloading 1135 Unused Serialized files (Serialized files now loaded: 0)
System memory in use before: 59.8 MB.
System memory in use after: 59.9 MB.

Unloading 5 unused Assets to reduce memory usage. Loaded Objects now: 1588.
Total: 1.713000 ms (FindLiveObjects: 0.126900 ms CreateObjectMapping: 0.036700 ms MarkObjects: 1.499700 ms  DeleteObjects: 0.048800 ms)

========================================================================
Received Import Request.
  Time since last request: 15.944678 seconds.
  path: Assets/InanEvin_Thesis/src/CinematographyTechniques/PositionSteadycam.cs
  artifactKey: Guid(26e69913eb9fc4347ac422bb5f6bb075) Importer(815301076,1909f56bfc062723c751e8b465ee728b)
Start importing Assets/InanEvin_Thesis/src/CinematographyTechniques/PositionSteadycam.cs using Guid(26e69913eb9fc4347ac422bb5f6bb075) Importer(815301076,1909f56bfc062723c751e8b465ee728b)  -> (artifact id: '9f165117b4e275a1f5aadb6cb1b32711') in 0.003300 seconds
  Import took 0.006866 seconds .

========================================================================
Received Prepare
Registering precompiled user dll's ...
Registered in 0.000701 seconds.
Begin MonoManager ReloadAssembly
Native extension for WindowsStandalone target not found
Refreshing native plugins compatible for Editor in 0.21 ms, found 0 plugins.
Preloading 0 native plugins for Editor in 0.00 ms.
Invoked RoslynAnalysisRunner static constructor.
RoslynAnalysisRunner will not be running.
RoslynAnalysisRunner has terminated.
Mono: successfully reloaded assembly
- Completed reload, in  0.732 seconds
Platform modules already initialized, skipping
Refreshing native plugins compatible for Editor in 0.27 ms, found 0 plugins.
Preloading 0 native plugins for Editor in 0.00 ms.
Unloading 1135 Unused Serialized files (Serialized files now loaded: 0)
System memory in use before: 60.6 MB.
System memory in use after: 60.7 MB.

Unloading 5 unused Assets to reduce memory usage. Loaded Objects now: 1590.
Total: 2.683000 ms (FindLiveObjects: 0.141400 ms CreateObjectMapping: 0.042500 ms MarkObjects: 2.399500 ms  DeleteObjects: 0.098000 ms)

========================================================================
Received Import Request.
  Time since last request: 14.300608 seconds.
  path: Assets/InanEvin_Thesis/src/CinematographyTechniques/PosRotHandheld.cs
  artifactKey: Guid(3087c594db44f334ba88beaa2051174d) Importer(815301076,1909f56bfc062723c751e8b465ee728b)
Start importing Assets/InanEvin_Thesis/src/CinematographyTechniques/PosRotHandheld.cs using Guid(3087c594db44f334ba88beaa2051174d) Importer(815301076,1909f56bfc062723c751e8b465ee728b)  -> (artifact id: '4421ab01c55c4536e0a25b38d9693c92') in 0.010202 seconds
  Import took 0.015078 seconds .

========================================================================
Received Prepare
Registering precompiled user dll's ...
Registered in 0.000626 seconds.
Begin MonoManager ReloadAssembly
Native extension for WindowsStandalone target not found
Refreshing native plugins compatible for Editor in 0.21 ms, found 0 plugins.
Preloading 0 native plugins for Editor in 0.00 ms.
Invoked RoslynAnalysisRunner static constructor.
RoslynAnalysisRunner will not be running.
RoslynAnalysisRunner has terminated.
Mono: successfully reloaded assembly
- Completed reload, in  0.694 seconds
Platform modules already initialized, skipping
Refreshing native plugins compatible for Editor in 0.22 ms, found 0 plugins.
Preloading 0 native plugins for Editor in 0.00 ms.
Unloading 1135 Unused Serialized files (Serialized files now loaded: 0)
System memory in use before: 60.9 MB.
System memory in use after: 60.9 MB.

Unloading 5 unused Assets to reduce memory usage. Loaded Objects now: 1592.
Total: 1.944200 ms (FindLiveObjects: 0.158300 ms CreateObjectMapping: 0.050500 ms MarkObjects: 1.670900 ms  DeleteObjects: 0.063400 ms)

========================================================================
Received Import Request.
  Time since last request: 14.035528 seconds.
  path: Assets/InanEvin_Thesis/src/CinematographyTechniques/PosRotSteadycam.cs
  artifactKey: Guid(9339fe2dfc6125c4c8cfdb1dd31642e3) Importer(815301076,1909f56bfc062723c751e8b465ee728b)
Start importing Assets/InanEvin_Thesis/src/CinematographyTechniques/PosRotSteadycam.cs using Guid(9339fe2dfc6125c4c8cfdb1dd31642e3) Importer(815301076,1909f56bfc062723c751e8b465ee728b)  -> (artifact id: '3937fbd6cee7d7fb158f76b356753e10') in 0.009368 seconds
  Import took 0.011696 seconds .

========================================================================
Received Import Request.
  Time since last request: 15.518382 seconds.
  path: Assets/InanEvin_Thesis/src/CinematographyTechniques/QuickZoom.cs
  artifactKey: Guid(e3a70cee742d3b441a5d6c2421935c7e) Importer(815301076,1909f56bfc062723c751e8b465ee728b)
Start importing Assets/InanEvin_Thesis/src/CinematographyTechniques/QuickZoom.cs using Guid(e3a70cee742d3b441a5d6c2421935c7e) Importer(815301076,1909f56bfc062723c751e8b465ee728b)  -> (artifact id: '4d4a3a8ba042994de9a1dd019a17b32c') in 0.007525 seconds
  Import took 0.024019 seconds .

========================================================================
Received Prepare
Registering precompiled user dll's ...
Registered in 0.000707 seconds.
Begin MonoManager ReloadAssembly
Native extension for WindowsStandalone target not found
Refreshing native plugins compatible for Editor in 0.20 ms, found 0 plugins.
Preloading 0 native plugins for Editor in 0.00 ms.
Invoked RoslynAnalysisRunner static constructor.
RoslynAnalysisRunner will not be running.
RoslynAnalysisRunner has terminated.
Mono: successfully reloaded assembly
- Completed reload, in  0.695 seconds
Platform modules already initialized, skipping
Refreshing native plugins compatible for Editor in 0.20 ms, found 0 plugins.
Preloading 0 native plugins for Editor in 0.00 ms.
Unloading 1135 Unused Serialized files (Serialized files now loaded: 0)
System memory in use before: 60.5 MB.
System memory in use after: 60.6 MB.

Unloading 5 unused Assets to reduce memory usage. Loaded Objects now: 1594.
Total: 1.584600 ms (FindLiveObjects: 0.122200 ms CreateObjectMapping: 0.030500 ms MarkObjects: 1.380000 ms  DeleteObjects: 0.050800 ms)

========================================================================
Received Import Request.
  Time since last request: 12.446118 seconds.
  path: Assets/InanEvin_Thesis/src/CinematographyTechniques/QuickZoom.cs
  artifactKey: Guid(e3a70cee742d3b441a5d6c2421935c7e) Importer(815301076,1909f56bfc062723c751e8b465ee728b)
Start importing Assets/InanEvin_Thesis/src/CinematographyTechniques/QuickZoom.cs using Guid(e3a70cee742d3b441a5d6c2421935c7e) Importer(815301076,1909f56bfc062723c751e8b465ee728b)  -> (artifact id: 'd913125fe4dbea8a6cc657caa341f985') in 0.004240 seconds
  Import took 0.029514 seconds .

========================================================================
Received Prepare
Registering precompiled user dll's ...
Registered in 0.000780 seconds.
Begin MonoManager ReloadAssembly
Native extension for WindowsStandalone target not found
Refreshing native plugins compatible for Editor in 0.28 ms, found 0 plugins.
Preloading 0 native plugins for Editor in 0.00 ms.
Invoked RoslynAnalysisRunner static constructor.
RoslynAnalysisRunner will not be running.
RoslynAnalysisRunner has terminated.
Mono: successfully reloaded assembly
- Completed reload, in  0.760 seconds
Platform modules already initialized, skipping
Refreshing native plugins compatible for Editor in 0.24 ms, found 0 plugins.
Preloading 0 native plugins for Editor in 0.00 ms.
Unloading 1135 Unused Serialized files (Serialized files now loaded: 0)
System memory in use before: 60.9 MB.
System memory in use after: 60.9 MB.

Unloading 5 unused Assets to reduce memory usage. Loaded Objects now: 1596.
Total: 1.850400 ms (FindLiveObjects: 0.136800 ms CreateObjectMapping: 0.041300 ms MarkObjects: 1.621400 ms  DeleteObjects: 0.050300 ms)

========================================================================
Received Import Request.
  Time since last request: 24.351128 seconds.
  path: Assets/InanEvin_Thesis/src/CinematographyTechniques/RotationSteadycam.cs
  artifactKey: Guid(e5cd97c0d083f2f488ccc3b0cf3e5a9c) Importer(815301076,1909f56bfc062723c751e8b465ee728b)
Start importing Assets/InanEvin_Thesis/src/CinematographyTechniques/RotationSteadycam.cs using Guid(e5cd97c0d083f2f488ccc3b0cf3e5a9c) Importer(815301076,1909f56bfc062723c751e8b465ee728b)  -> (artifact id: 'd3dcb9b4deee96e8f9fc77d086166fdf') in 0.006922 seconds
  Import took 0.008902 seconds .

AssetImportWorkerClient::OnTransportError - code=2 error=End of file
